{"/Users/tunguyen/Downloads/2025pjs/COSC4353/assignment2/volunteer-app/backend/server.js": {"path":"/Users/tunguyen/Downloads/2025pjs/COSC4353/assignment2/volunteer-app/backend/server.js","statementMap":{"0":{"start":{"line":1,"column":16},"end":{"line":1,"column":34}},"1":{"start":{"line":2,"column":13},"end":{"line":2,"column":28}},"2":{"start":{"line":4,"column":12},"end":{"line":4,"column":21}},"3":{"start":{"line":5,"column":0},"end":{"line":5,"column":16}},"4":{"start":{"line":6,"column":0},"end":{"line":6,"column":24}},"5":{"start":{"line":9,"column":19},"end":{"line":9,"column":43}},"6":{"start":{"line":10,"column":0},"end":{"line":10,"column":28}},"7":{"start":{"line":12,"column":27},"end":{"line":12,"column":59}},"8":{"start":{"line":13,"column":0},"end":{"line":13,"column":36}},"9":{"start":{"line":18,"column":22},"end":{"line":18,"column":58}},"10":{"start":{"line":19,"column":0},"end":{"line":19,"column":49}},"11":{"start":{"line":21,"column":26},"end":{"line":21,"column":57}},"12":{"start":{"line":22,"column":0},"end":{"line":22,"column":35}},"13":{"start":{"line":25,"column":20},"end":{"line":25,"column":50}},"14":{"start":{"line":26,"column":0},"end":{"line":26,"column":40}},"15":{"start":{"line":29,"column":20},"end":{"line":29,"column":50}},"16":{"start":{"line":30,"column":0},"end":{"line":30,"column":37}},"17":{"start":{"line":33,"column":0},"end":{"line":35,"column":3}},"18":{"start":{"line":34,"column":2},"end":{"line":34,"column":40}},"19":{"start":{"line":37,"column":13},"end":{"line":37,"column":17}},"20":{"start":{"line":38,"column":0},"end":{"line":42,"column":1}},"21":{"start":{"line":39,"column":2},"end":{"line":41,"column":5}},"22":{"start":{"line":40,"column":4},"end":{"line":40,"column":62}},"23":{"start":{"line":44,"column":0},"end":{"line":44,"column":21}}},"fnMap":{"0":{"name":"(anonymous_0)","decl":{"start":{"line":33,"column":13},"end":{"line":33,"column":14}},"loc":{"start":{"line":33,"column":27},"end":{"line":35,"column":1}},"line":33},"1":{"name":"(anonymous_1)","decl":{"start":{"line":39,"column":19},"end":{"line":39,"column":20}},"loc":{"start":{"line":39,"column":25},"end":{"line":41,"column":3}},"line":39}},"branchMap":{"0":{"loc":{"start":{"line":38,"column":0},"end":{"line":42,"column":1}},"type":"if","locations":[{"start":{"line":38,"column":0},"end":{"line":42,"column":1}},{"start":{},"end":{}}],"line":38}},"s":{"0":1,"1":1,"2":1,"3":1,"4":1,"5":1,"6":1,"7":1,"8":1,"9":1,"10":1,"11":1,"12":1,"13":1,"14":1,"15":1,"16":1,"17":1,"18":0,"19":1,"20":1,"21":0,"22":0,"23":1},"f":{"0":0,"1":0},"b":{"0":[0,1]},"_coverageSchema":"1a1c01bbd47fc00a2c39e90264f33305004495a9","hash":"12dd6f39cff0d89ed6f70c2b18573a3f472b7632"}
,"/Users/tunguyen/Downloads/2025pjs/COSC4353/assignment2/volunteer-app/backend/controllers/authController.js": {"path":"/Users/tunguyen/Downloads/2025pjs/COSC4353/assignment2/volunteer-app/backend/controllers/authController.js","statementMap":{"0":{"start":{"line":1,"column":14},"end":{"line":1,"column":16}},"1":{"start":{"line":5,"column":36},"end":{"line":5,"column":44}},"2":{"start":{"line":7,"column":2},"end":{"line":9,"column":3}},"3":{"start":{"line":8,"column":4},"end":{"line":8,"column":66}},"4":{"start":{"line":11,"column":21},"end":{"line":11,"column":55}},"5":{"start":{"line":11,"column":37},"end":{"line":11,"column":54}},"6":{"start":{"line":12,"column":2},"end":{"line":14,"column":3}},"7":{"start":{"line":13,"column":4},"end":{"line":13,"column":66}},"8":{"start":{"line":16,"column":2},"end":{"line":16,"column":40}},"9":{"start":{"line":17,"column":2},"end":{"line":17,"column":55}},"10":{"start":{"line":21,"column":30},"end":{"line":21,"column":38}},"11":{"start":{"line":23,"column":15},"end":{"line":23,"column":76}},"12":{"start":{"line":23,"column":31},"end":{"line":23,"column":75}},"13":{"start":{"line":24,"column":2},"end":{"line":26,"column":3}},"14":{"start":{"line":25,"column":4},"end":{"line":25,"column":66}},"15":{"start":{"line":28,"column":2},"end":{"line":28,"column":61}},"16":{"start":{"line":31,"column":0},"end":{"line":31,"column":45}}},"fnMap":{"0":{"name":"registerUser","decl":{"start":{"line":4,"column":9},"end":{"line":4,"column":21}},"loc":{"start":{"line":4,"column":32},"end":{"line":18,"column":1}},"line":4},"1":{"name":"(anonymous_1)","decl":{"start":{"line":11,"column":32},"end":{"line":11,"column":33}},"loc":{"start":{"line":11,"column":37},"end":{"line":11,"column":54}},"line":11},"2":{"name":"loginUser","decl":{"start":{"line":20,"column":9},"end":{"line":20,"column":18}},"loc":{"start":{"line":20,"column":29},"end":{"line":29,"column":1}},"line":20},"3":{"name":"(anonymous_3)","decl":{"start":{"line":23,"column":26},"end":{"line":23,"column":27}},"loc":{"start":{"line":23,"column":31},"end":{"line":23,"column":75}},"line":23}},"branchMap":{"0":{"loc":{"start":{"line":7,"column":2},"end":{"line":9,"column":3}},"type":"if","locations":[{"start":{"line":7,"column":2},"end":{"line":9,"column":3}},{"start":{},"end":{}}],"line":7},"1":{"loc":{"start":{"line":7,"column":6},"end":{"line":7,"column":34}},"type":"binary-expr","locations":[{"start":{"line":7,"column":6},"end":{"line":7,"column":12}},{"start":{"line":7,"column":16},"end":{"line":7,"column":25}},{"start":{"line":7,"column":29},"end":{"line":7,"column":34}}],"line":7},"2":{"loc":{"start":{"line":12,"column":2},"end":{"line":14,"column":3}},"type":"if","locations":[{"start":{"line":12,"column":2},"end":{"line":14,"column":3}},{"start":{},"end":{}}],"line":12},"3":{"loc":{"start":{"line":23,"column":31},"end":{"line":23,"column":75}},"type":"binary-expr","locations":[{"start":{"line":23,"column":31},"end":{"line":23,"column":48}},{"start":{"line":23,"column":52},"end":{"line":23,"column":75}}],"line":23},"4":{"loc":{"start":{"line":24,"column":2},"end":{"line":26,"column":3}},"type":"if","locations":[{"start":{"line":24,"column":2},"end":{"line":26,"column":3}},{"start":{},"end":{}}],"line":24}},"s":{"0":1,"1":0,"2":0,"3":0,"4":0,"5":0,"6":0,"7":0,"8":0,"9":0,"10":0,"11":0,"12":0,"13":0,"14":0,"15":0,"16":1},"f":{"0":0,"1":0,"2":0,"3":0},"b":{"0":[0,0],"1":[0,0,0],"2":[0,0],"3":[0,0],"4":[0,0]},"_coverageSchema":"1a1c01bbd47fc00a2c39e90264f33305004495a9","hash":"dd56025b2d3319b012e3c37c1934d4febcd76e97"}
,"/Users/tunguyen/Downloads/2025pjs/COSC4353/assignment2/volunteer-app/backend/controllers/eventController.js": {"path":"/Users/tunguyen/Downloads/2025pjs/COSC4353/assignment2/volunteer-app/backend/controllers/eventController.js","statementMap":{"0":{"start":{"line":1,"column":16},"end":{"line":1,"column":34}},"1":{"start":{"line":2,"column":15},"end":{"line":2,"column":31}},"2":{"start":{"line":3,"column":11},"end":{"line":3,"column":36}},"3":{"start":{"line":5,"column":18},"end":{"line":15,"column":3}},"4":{"start":{"line":6,"column":2},"end":{"line":14,"column":3}},"5":{"start":{"line":7,"column":19},"end":{"line":7,"column":63}},"6":{"start":{"line":8,"column":4},"end":{"line":8,"column":29}},"7":{"start":{"line":9,"column":4},"end":{"line":9,"column":26}},"8":{"start":{"line":11,"column":4},"end":{"line":11,"column":49}},"9":{"start":{"line":12,"column":4},"end":{"line":12,"column":51}},"10":{"start":{"line":17,"column":20},"end":{"line":31,"column":1}},"11":{"start":{"line":18,"column":70},"end":{"line":18,"column":78}},"12":{"start":{"line":19,"column":2},"end":{"line":30,"column":3}},"13":{"start":{"line":20,"column":19},"end":{"line":23,"column":62}},"14":{"start":{"line":24,"column":4},"end":{"line":25,"column":6}},"15":{"start":{"line":27,"column":4},"end":{"line":27,"column":49}},"16":{"start":{"line":28,"column":4},"end":{"line":28,"column":51}},"17":{"start":{"line":33,"column":26},"end":{"line":47,"column":1}},"18":{"start":{"line":34,"column":17},"end":{"line":34,"column":27}},"19":{"start":{"line":35,"column":21},"end":{"line":35,"column":29}},"20":{"start":{"line":37,"column":2},"end":{"line":46,"column":3}},"21":{"start":{"line":38,"column":19},"end":{"line":41,"column":5}},"22":{"start":{"line":42,"column":4},"end":{"line":42,"column":29}},"23":{"start":{"line":44,"column":4},"end":{"line":44,"column":57}},"24":{"start":{"line":45,"column":4},"end":{"line":45,"column":52}},"25":{"start":{"line":50,"column":0},"end":{"line":54,"column":2}}},"fnMap":{"0":{"name":"(anonymous_0)","decl":{"start":{"line":5,"column":18},"end":{"line":5,"column":19}},"loc":{"start":{"line":5,"column":38},"end":{"line":15,"column":3}},"line":5},"1":{"name":"(anonymous_1)","decl":{"start":{"line":17,"column":20},"end":{"line":17,"column":21}},"loc":{"start":{"line":17,"column":40},"end":{"line":31,"column":1}},"line":17},"2":{"name":"(anonymous_2)","decl":{"start":{"line":33,"column":26},"end":{"line":33,"column":27}},"loc":{"start":{"line":33,"column":46},"end":{"line":47,"column":1}},"line":33}},"branchMap":{},"s":{"0":1,"1":1,"2":1,"3":1,"4":0,"5":0,"6":0,"7":0,"8":0,"9":0,"10":1,"11":0,"12":0,"13":0,"14":0,"15":0,"16":0,"17":1,"18":0,"19":0,"20":0,"21":0,"22":0,"23":0,"24":0,"25":1},"f":{"0":0,"1":0,"2":0},"b":{},"_coverageSchema":"1a1c01bbd47fc00a2c39e90264f33305004495a9","hash":"4481028532270678c992a329493fdb61fe242458"}
,"/Users/tunguyen/Downloads/2025pjs/COSC4353/assignment2/volunteer-app/backend/controllers/matchController.js": {"path":"/Users/tunguyen/Downloads/2025pjs/COSC4353/assignment2/volunteer-app/backend/controllers/matchController.js","statementMap":{"0":{"start":{"line":2,"column":13},"end":{"line":39,"column":1}},"1":{"start":{"line":41,"column":17},"end":{"line":66,"column":5}},"2":{"start":{"line":70,"column":20},"end":{"line":70,"column":68}},"3":{"start":{"line":70,"column":41},"end":{"line":70,"column":67}},"4":{"start":{"line":71,"column":21},"end":{"line":72,"column":45}},"5":{"start":{"line":72,"column":4},"end":{"line":72,"column":44}},"6":{"start":{"line":73,"column":23},"end":{"line":73,"column":62}},"7":{"start":{"line":74,"column":24},"end":{"line":74,"column":55}},"8":{"start":{"line":76,"column":2},"end":{"line":76,"column":50}},"9":{"start":{"line":82,"column":18},"end":{"line":88,"column":4}},"10":{"start":{"line":83,"column":26},"end":{"line":83,"column":85}},"11":{"start":{"line":83,"column":49},"end":{"line":83,"column":84}},"12":{"start":{"line":84,"column":4},"end":{"line":87,"column":6}},"13":{"start":{"line":90,"column":2},"end":{"line":90,"column":20}},"14":{"start":{"line":93,"column":0},"end":{"line":96,"column":2}}},"fnMap":{"0":{"name":"matchUserToEvents","decl":{"start":{"line":69,"column":9},"end":{"line":69,"column":26}},"loc":{"start":{"line":69,"column":45},"end":{"line":77,"column":1}},"line":69},"1":{"name":"(anonymous_1)","decl":{"start":{"line":70,"column":36},"end":{"line":70,"column":37}},"loc":{"start":{"line":70,"column":41},"end":{"line":70,"column":67}},"line":70},"2":{"name":"(anonymous_2)","decl":{"start":{"line":71,"column":39},"end":{"line":71,"column":40}},"loc":{"start":{"line":72,"column":4},"end":{"line":72,"column":44}},"line":72},"3":{"name":"getMatchesForAll","decl":{"start":{"line":81,"column":9},"end":{"line":81,"column":25}},"loc":{"start":{"line":81,"column":36},"end":{"line":91,"column":1}},"line":81},"4":{"name":"(anonymous_4)","decl":{"start":{"line":82,"column":33},"end":{"line":82,"column":34}},"loc":{"start":{"line":82,"column":46},"end":{"line":88,"column":3}},"line":82},"5":{"name":"(anonymous_5)","decl":{"start":{"line":83,"column":40},"end":{"line":83,"column":41}},"loc":{"start":{"line":83,"column":49},"end":{"line":83,"column":84}},"line":83}},"branchMap":{"0":{"loc":{"start":{"line":76,"column":9},"end":{"line":76,"column":49}},"type":"binary-expr","locations":[{"start":{"line":76,"column":9},"end":{"line":76,"column":18}},{"start":{"line":76,"column":22},"end":{"line":76,"column":32}},{"start":{"line":76,"column":36},"end":{"line":76,"column":49}}],"line":76}},"s":{"0":1,"1":1,"2":0,"3":0,"4":0,"5":0,"6":0,"7":0,"8":0,"9":0,"10":0,"11":0,"12":0,"13":0,"14":1},"f":{"0":0,"1":0,"2":0,"3":0,"4":0,"5":0},"b":{"0":[0,0,0]},"_coverageSchema":"1a1c01bbd47fc00a2c39e90264f33305004495a9","hash":"b56bec3fb4c18b35581ff0fd782f76aa4e31e21c"}
,"/Users/tunguyen/Downloads/2025pjs/COSC4353/assignment2/volunteer-app/backend/controllers/notificationController.js": {"path":"/Users/tunguyen/Downloads/2025pjs/COSC4353/assignment2/volunteer-app/backend/controllers/notificationController.js","statementMap":{"0":{"start":{"line":1,"column":22},"end":{"line":1,"column":24}},"1":{"start":{"line":5,"column":33},"end":{"line":5,"column":41}},"2":{"start":{"line":7,"column":2},"end":{"line":11,"column":3}},"3":{"start":{"line":8,"column":4},"end":{"line":10,"column":62}},"4":{"start":{"line":14,"column":2},"end":{"line":14,"column":45}},"5":{"start":{"line":16,"column":2},"end":{"line":16,"column":70}},"6":{"start":{"line":20,"column":20},"end":{"line":20,"column":29}},"7":{"start":{"line":22,"column":2},"end":{"line":26,"column":3}},"8":{"start":{"line":23,"column":4},"end":{"line":25,"column":67}},"9":{"start":{"line":28,"column":28},"end":{"line":28,"column":78}},"10":{"start":{"line":28,"column":56},"end":{"line":28,"column":77}},"11":{"start":{"line":30,"column":2},"end":{"line":30,"column":42}},"12":{"start":{"line":34,"column":2},"end":{"line":34,"column":68}},"13":{"start":{"line":38,"column":2},"end":{"line":38,"column":64}},"14":{"start":{"line":42,"column":2},"end":{"line":42,"column":66}},"15":{"start":{"line":45,"column":0},"end":{"line":51,"column":2}}},"fnMap":{"0":{"name":"sendNotification","decl":{"start":{"line":4,"column":9},"end":{"line":4,"column":25}},"loc":{"start":{"line":4,"column":36},"end":{"line":17,"column":1}},"line":4},"1":{"name":"getNotifications","decl":{"start":{"line":19,"column":9},"end":{"line":19,"column":25}},"loc":{"start":{"line":19,"column":36},"end":{"line":31,"column":1}},"line":19},"2":{"name":"(anonymous_2)","decl":{"start":{"line":28,"column":49},"end":{"line":28,"column":50}},"loc":{"start":{"line":28,"column":56},"end":{"line":28,"column":77}},"line":28},"3":{"name":"sendAssignmentNotification","decl":{"start":{"line":33,"column":9},"end":{"line":33,"column":35}},"loc":{"start":{"line":33,"column":46},"end":{"line":35,"column":1}},"line":33},"4":{"name":"sendUpdateNotification","decl":{"start":{"line":37,"column":9},"end":{"line":37,"column":31}},"loc":{"start":{"line":37,"column":42},"end":{"line":39,"column":1}},"line":37},"5":{"name":"sendReminderNotification","decl":{"start":{"line":41,"column":9},"end":{"line":41,"column":33}},"loc":{"start":{"line":41,"column":44},"end":{"line":43,"column":1}},"line":41}},"branchMap":{"0":{"loc":{"start":{"line":7,"column":2},"end":{"line":11,"column":3}},"type":"if","locations":[{"start":{"line":7,"column":2},"end":{"line":11,"column":3}},{"start":{},"end":{}}],"line":7},"1":{"loc":{"start":{"line":7,"column":6},"end":{"line":7,"column":28}},"type":"binary-expr","locations":[{"start":{"line":7,"column":6},"end":{"line":7,"column":16}},{"start":{"line":7,"column":20},"end":{"line":7,"column":28}}],"line":7},"2":{"loc":{"start":{"line":22,"column":2},"end":{"line":26,"column":3}},"type":"if","locations":[{"start":{"line":22,"column":2},"end":{"line":26,"column":3}},{"start":{},"end":{}}],"line":22}},"s":{"0":1,"1":0,"2":0,"3":0,"4":0,"5":0,"6":0,"7":0,"8":0,"9":0,"10":0,"11":0,"12":0,"13":0,"14":0,"15":1},"f":{"0":0,"1":0,"2":0,"3":0,"4":0,"5":0},"b":{"0":[0,0],"1":[0,0],"2":[0,0]},"_coverageSchema":"1a1c01bbd47fc00a2c39e90264f33305004495a9","hash":"4b7bea4f38d5539e1549b05ec34884376bbd8f68"}
,"/Users/tunguyen/Downloads/2025pjs/COSC4353/assignment2/volunteer-app/backend/controllers/userProfileController.js": {"path":"/Users/tunguyen/Downloads/2025pjs/COSC4353/assignment2/volunteer-app/backend/controllers/userProfileController.js","statementMap":{"0":{"start":{"line":1,"column":18},"end":{"line":1,"column":49}},"1":{"start":{"line":4,"column":17},"end":{"line":14,"column":3}},"2":{"start":{"line":16,"column":2},"end":{"line":18,"column":3}},"3":{"start":{"line":17,"column":4},"end":{"line":17,"column":46}},"4":{"start":{"line":20,"column":2},"end":{"line":22,"column":3}},"5":{"start":{"line":21,"column":4},"end":{"line":21,"column":46}},"6":{"start":{"line":24,"column":2},"end":{"line":26,"column":3}},"7":{"start":{"line":25,"column":4},"end":{"line":25,"column":37}},"8":{"start":{"line":28,"column":2},"end":{"line":30,"column":3}},"9":{"start":{"line":29,"column":4},"end":{"line":29,"column":39}},"10":{"start":{"line":32,"column":2},"end":{"line":36,"column":3}},"11":{"start":{"line":33,"column":4},"end":{"line":33,"column":44}},"12":{"start":{"line":34,"column":9},"end":{"line":36,"column":3}},"13":{"start":{"line":35,"column":4},"end":{"line":35,"column":62}},"14":{"start":{"line":38,"column":2},"end":{"line":40,"column":3}},"15":{"start":{"line":39,"column":4},"end":{"line":39,"column":55}},"16":{"start":{"line":42,"column":2},"end":{"line":44,"column":3}},"17":{"start":{"line":43,"column":4},"end":{"line":43,"column":67}},"18":{"start":{"line":46,"column":2},"end":{"line":48,"column":3}},"19":{"start":{"line":47,"column":4},"end":{"line":47,"column":50}},"20":{"start":{"line":51,"column":2},"end":{"line":55,"column":5}},"21":{"start":{"line":52,"column":4},"end":{"line":54,"column":5}},"22":{"start":{"line":53,"column":6},"end":{"line":53,"column":25}},"23":{"start":{"line":57,"column":2},"end":{"line":60,"column":4}},"24":{"start":{"line":63,"column":0},"end":{"line":72,"column":2}},"25":{"start":{"line":64,"column":13},"end":{"line":64,"column":26}},"26":{"start":{"line":65,"column":18},"end":{"line":65,"column":40}},"27":{"start":{"line":67,"column":2},"end":{"line":71,"column":3}},"28":{"start":{"line":68,"column":4},"end":{"line":68,"column":34}},"29":{"start":{"line":70,"column":4},"end":{"line":70,"column":59}},"30":{"start":{"line":74,"column":0},"end":{"line":93,"column":2}},"31":{"start":{"line":75,"column":13},"end":{"line":75,"column":26}},"32":{"start":{"line":76,"column":18},"end":{"line":76,"column":26}},"33":{"start":{"line":78,"column":28},"end":{"line":78,"column":56}},"34":{"start":{"line":80,"column":2},"end":{"line":82,"column":3}},"35":{"start":{"line":81,"column":4},"end":{"line":81,"column":74}},"36":{"start":{"line":84,"column":2},"end":{"line":87,"column":4}},"37":{"start":{"line":89,"column":2},"end":{"line":92,"column":5}}},"fnMap":{"0":{"name":"validateUserProfile","decl":{"start":{"line":3,"column":9},"end":{"line":3,"column":28}},"loc":{"start":{"line":3,"column":38},"end":{"line":61,"column":1}},"line":3},"1":{"name":"(anonymous_1)","decl":{"start":{"line":51,"column":30},"end":{"line":51,"column":31}},"loc":{"start":{"line":51,"column":39},"end":{"line":55,"column":3}},"line":51},"2":{"name":"(anonymous_2)","decl":{"start":{"line":63,"column":25},"end":{"line":63,"column":26}},"loc":{"start":{"line":63,"column":39},"end":{"line":72,"column":1}},"line":63},"3":{"name":"(anonymous_3)","decl":{"start":{"line":74,"column":28},"end":{"line":74,"column":29}},"loc":{"start":{"line":74,"column":42},"end":{"line":93,"column":1}},"line":74}},"branchMap":{"0":{"loc":{"start":{"line":16,"column":2},"end":{"line":18,"column":3}},"type":"if","locations":[{"start":{"line":16,"column":2},"end":{"line":18,"column":3}},{"start":{},"end":{}}],"line":16},"1":{"loc":{"start":{"line":20,"column":2},"end":{"line":22,"column":3}},"type":"if","locations":[{"start":{"line":20,"column":2},"end":{"line":22,"column":3}},{"start":{},"end":{}}],"line":20},"2":{"loc":{"start":{"line":24,"column":2},"end":{"line":26,"column":3}},"type":"if","locations":[{"start":{"line":24,"column":2},"end":{"line":26,"column":3}},{"start":{},"end":{}}],"line":24},"3":{"loc":{"start":{"line":28,"column":2},"end":{"line":30,"column":3}},"type":"if","locations":[{"start":{"line":28,"column":2},"end":{"line":30,"column":3}},{"start":{},"end":{}}],"line":28},"4":{"loc":{"start":{"line":32,"column":2},"end":{"line":36,"column":3}},"type":"if","locations":[{"start":{"line":32,"column":2},"end":{"line":36,"column":3}},{"start":{"line":34,"column":9},"end":{"line":36,"column":3}}],"line":32},"5":{"loc":{"start":{"line":34,"column":9},"end":{"line":36,"column":3}},"type":"if","locations":[{"start":{"line":34,"column":9},"end":{"line":36,"column":3}},{"start":{},"end":{}}],"line":34},"6":{"loc":{"start":{"line":38,"column":2},"end":{"line":40,"column":3}},"type":"if","locations":[{"start":{"line":38,"column":2},"end":{"line":40,"column":3}},{"start":{},"end":{}}],"line":38},"7":{"loc":{"start":{"line":38,"column":6},"end":{"line":38,"column":67}},"type":"binary-expr","locations":[{"start":{"line":38,"column":6},"end":{"line":38,"column":36}},{"start":{"line":38,"column":40},"end":{"line":38,"column":67}}],"line":38},"8":{"loc":{"start":{"line":42,"column":2},"end":{"line":44,"column":3}},"type":"if","locations":[{"start":{"line":42,"column":2},"end":{"line":44,"column":3}},{"start":{},"end":{}}],"line":42},"9":{"loc":{"start":{"line":42,"column":6},"end":{"line":42,"column":79}},"type":"binary-expr","locations":[{"start":{"line":42,"column":6},"end":{"line":42,"column":42}},{"start":{"line":42,"column":46},"end":{"line":42,"column":79}}],"line":42},"10":{"loc":{"start":{"line":46,"column":2},"end":{"line":48,"column":3}},"type":"if","locations":[{"start":{"line":46,"column":2},"end":{"line":48,"column":3}},{"start":{},"end":{}}],"line":46},"11":{"loc":{"start":{"line":46,"column":6},"end":{"line":46,"column":62}},"type":"binary-expr","locations":[{"start":{"line":46,"column":6},"end":{"line":46,"column":22}},{"start":{"line":46,"column":26},"end":{"line":46,"column":62}}],"line":46},"12":{"loc":{"start":{"line":52,"column":4},"end":{"line":54,"column":5}},"type":"if","locations":[{"start":{"line":52,"column":4},"end":{"line":54,"column":5}},{"start":{},"end":{}}],"line":52},"13":{"loc":{"start":{"line":67,"column":2},"end":{"line":71,"column":3}},"type":"if","locations":[{"start":{"line":67,"column":2},"end":{"line":71,"column":3}},{"start":{"line":69,"column":9},"end":{"line":71,"column":3}}],"line":67},"14":{"loc":{"start":{"line":80,"column":2},"end":{"line":82,"column":3}},"type":"if","locations":[{"start":{"line":80,"column":2},"end":{"line":82,"column":3}},{"start":{},"end":{}}],"line":80},"15":{"loc":{"start":{"line":85,"column":8},"end":{"line":85,"column":36}},"type":"binary-expr","locations":[{"start":{"line":85,"column":8},"end":{"line":85,"column":30}},{"start":{"line":85,"column":34},"end":{"line":85,"column":36}}],"line":85}},"s":{"0":1,"1":0,"2":0,"3":0,"4":0,"5":0,"6":0,"7":0,"8":0,"9":0,"10":0,"11":0,"12":0,"13":0,"14":0,"15":0,"16":0,"17":0,"18":0,"19":0,"20":0,"21":0,"22":0,"23":0,"24":1,"25":0,"26":0,"27":0,"28":0,"29":0,"30":1,"31":0,"32":0,"33":0,"34":0,"35":0,"36":0,"37":0},"f":{"0":0,"1":0,"2":0,"3":0},"b":{"0":[0,0],"1":[0,0],"2":[0,0],"3":[0,0],"4":[0,0],"5":[0,0],"6":[0,0],"7":[0,0],"8":[0,0],"9":[0,0],"10":[0,0],"11":[0,0],"12":[0,0],"13":[0,0],"14":[0,0],"15":[0,0]},"_coverageSchema":"1a1c01bbd47fc00a2c39e90264f33305004495a9","hash":"6adc5f27d73057f29c5e08fd0d8958d3aef72c3e"}
,"/Users/tunguyen/Downloads/2025pjs/COSC4353/assignment2/volunteer-app/backend/controllers/volunteerHistoryController.js": {"path":"/Users/tunguyen/Downloads/2025pjs/COSC4353/assignment2/volunteer-app/backend/controllers/volunteerHistoryController.js","statementMap":{"0":{"start":{"line":1,"column":11},"end":{"line":1,"column":36}},"1":{"start":{"line":4,"column":0},"end":{"line":21,"column":2}},"2":{"start":{"line":5,"column":2},"end":{"line":20,"column":3}},"3":{"start":{"line":6,"column":19},"end":{"line":15,"column":6}},"4":{"start":{"line":16,"column":4},"end":{"line":16,"column":38}},"5":{"start":{"line":18,"column":4},"end":{"line":18,"column":60}},"6":{"start":{"line":19,"column":4},"end":{"line":19,"column":52}}},"fnMap":{"0":{"name":"(anonymous_0)","decl":{"start":{"line":4,"column":35},"end":{"line":4,"column":36}},"loc":{"start":{"line":4,"column":55},"end":{"line":21,"column":1}},"line":4}},"branchMap":{},"s":{"0":1,"1":1,"2":1,"3":1,"4":0,"5":1,"6":1},"f":{"0":1},"b":{},"_coverageSchema":"1a1c01bbd47fc00a2c39e90264f33305004495a9","hash":"3e03752aa48e37db37759cd06f828dc42c4fe786"}
,"/Users/tunguyen/Downloads/2025pjs/COSC4353/assignment2/volunteer-app/backend/database/db.js": {"path":"/Users/tunguyen/Downloads/2025pjs/COSC4353/assignment2/volunteer-app/backend/database/db.js","statementMap":{"0":{"start":{"line":1,"column":17},"end":{"line":1,"column":30}},"1":{"start":{"line":4,"column":13},"end":{"line":10,"column":2}},"2":{"start":{"line":12,"column":0},"end":{"line":14,"column":2}},"3":{"start":{"line":13,"column":27},"end":{"line":13,"column":51}}},"fnMap":{"0":{"name":"(anonymous_0)","decl":{"start":{"line":13,"column":9},"end":{"line":13,"column":10}},"loc":{"start":{"line":13,"column":27},"end":{"line":13,"column":51}},"line":13}},"branchMap":{},"s":{"0":1,"1":1,"2":1,"3":1},"f":{"0":1},"b":{},"_coverageSchema":"1a1c01bbd47fc00a2c39e90264f33305004495a9","hash":"7cc18a5292efbc488dcaf5866113f78b3f26aca1"}
,"/Users/tunguyen/Downloads/2025pjs/COSC4353/assignment2/volunteer-app/backend/routes/auth.js": {"path":"/Users/tunguyen/Downloads/2025pjs/COSC4353/assignment2/volunteer-app/backend/routes/auth.js","statementMap":{"0":{"start":{"line":1,"column":16},"end":{"line":1,"column":34}},"1":{"start":{"line":2,"column":15},"end":{"line":2,"column":31}},"2":{"start":{"line":4,"column":36},"end":{"line":4,"column":76}},"3":{"start":{"line":7,"column":0},"end":{"line":7,"column":39}},"4":{"start":{"line":10,"column":0},"end":{"line":10,"column":33}},"5":{"start":{"line":12,"column":0},"end":{"line":12,"column":24}}},"fnMap":{},"branchMap":{},"s":{"0":1,"1":1,"2":1,"3":1,"4":1,"5":1},"f":{},"b":{},"_coverageSchema":"1a1c01bbd47fc00a2c39e90264f33305004495a9","hash":"6643ed7a41080969ed7967b973745c2009f8bca1"}
,"/Users/tunguyen/Downloads/2025pjs/COSC4353/assignment2/volunteer-app/backend/routes/eventRoute.js": {"path":"/Users/tunguyen/Downloads/2025pjs/COSC4353/assignment2/volunteer-app/backend/routes/eventRoute.js","statementMap":{"0":{"start":{"line":1,"column":16},"end":{"line":1,"column":34}},"1":{"start":{"line":2,"column":15},"end":{"line":2,"column":31}},"2":{"start":{"line":8,"column":4},"end":{"line":8,"column":45}},"3":{"start":{"line":10,"column":0},"end":{"line":10,"column":27}},"4":{"start":{"line":11,"column":0},"end":{"line":11,"column":30}},"5":{"start":{"line":12,"column":0},"end":{"line":12,"column":47}},"6":{"start":{"line":14,"column":0},"end":{"line":14,"column":24}}},"fnMap":{},"branchMap":{},"s":{"0":1,"1":1,"2":1,"3":1,"4":1,"5":1,"6":1},"f":{},"b":{},"_coverageSchema":"1a1c01bbd47fc00a2c39e90264f33305004495a9","hash":"116bd55566a3a2b176cb563710af2ebb7b9378e7"}
,"/Users/tunguyen/Downloads/2025pjs/COSC4353/assignment2/volunteer-app/backend/routes/matchRoute.js": {"path":"/Users/tunguyen/Downloads/2025pjs/COSC4353/assignment2/volunteer-app/backend/routes/matchRoute.js","statementMap":{"0":{"start":{"line":1,"column":16},"end":{"line":1,"column":34}},"1":{"start":{"line":2,"column":15},"end":{"line":2,"column":31}},"2":{"start":{"line":3,"column":24},"end":{"line":3,"column":65}},"3":{"start":{"line":5,"column":0},"end":{"line":5,"column":62}},"4":{"start":{"line":7,"column":0},"end":{"line":7,"column":24}}},"fnMap":{},"branchMap":{},"s":{"0":1,"1":1,"2":1,"3":1,"4":1},"f":{},"b":{},"_coverageSchema":"1a1c01bbd47fc00a2c39e90264f33305004495a9","hash":"d93838f9de1c76430038e392e0f5a483e4cf5941"}
,"/Users/tunguyen/Downloads/2025pjs/COSC4353/assignment2/volunteer-app/backend/routes/notification.js": {"path":"/Users/tunguyen/Downloads/2025pjs/COSC4353/assignment2/volunteer-app/backend/routes/notification.js","statementMap":{"0":{"start":{"line":1,"column":16},"end":{"line":1,"column":34}},"1":{"start":{"line":2,"column":15},"end":{"line":2,"column":31}},"2":{"start":{"line":10,"column":4},"end":{"line":10,"column":52}},"3":{"start":{"line":12,"column":0},"end":{"line":12,"column":62}},"4":{"start":{"line":14,"column":0},"end":{"line":14,"column":54}},"5":{"start":{"line":16,"column":0},"end":{"line":16,"column":58}},"6":{"start":{"line":18,"column":0},"end":{"line":18,"column":48}},"7":{"start":{"line":19,"column":0},"end":{"line":19,"column":47}},"8":{"start":{"line":21,"column":0},"end":{"line":21,"column":24}}},"fnMap":{},"branchMap":{},"s":{"0":1,"1":1,"2":1,"3":1,"4":1,"5":1,"6":1,"7":1,"8":1},"f":{},"b":{},"_coverageSchema":"1a1c01bbd47fc00a2c39e90264f33305004495a9","hash":"29ff78195a5d8ccce4cc3e539f00e7ed77f64f36"}
,"/Users/tunguyen/Downloads/2025pjs/COSC4353/assignment2/volunteer-app/backend/routes/userProfile.js": {"path":"/Users/tunguyen/Downloads/2025pjs/COSC4353/assignment2/volunteer-app/backend/routes/userProfile.js","statementMap":{"0":{"start":{"line":1,"column":16},"end":{"line":1,"column":34}},"1":{"start":{"line":2,"column":15},"end":{"line":2,"column":31}},"2":{"start":{"line":7,"column":4},"end":{"line":7,"column":51}},"3":{"start":{"line":9,"column":0},"end":{"line":9,"column":43}},"4":{"start":{"line":10,"column":0},"end":{"line":10,"column":46}},"5":{"start":{"line":12,"column":0},"end":{"line":12,"column":24}}},"fnMap":{},"branchMap":{},"s":{"0":1,"1":1,"2":1,"3":1,"4":1,"5":1},"f":{},"b":{},"_coverageSchema":"1a1c01bbd47fc00a2c39e90264f33305004495a9","hash":"551f1be96c982370fb78344a0b21781fafb74939"}
,"/Users/tunguyen/Downloads/2025pjs/COSC4353/assignment2/volunteer-app/backend/routes/volunteerHistory.js": {"path":"/Users/tunguyen/Downloads/2025pjs/COSC4353/assignment2/volunteer-app/backend/routes/volunteerHistory.js","statementMap":{"0":{"start":{"line":1,"column":16},"end":{"line":1,"column":34}},"1":{"start":{"line":2,"column":15},"end":{"line":2,"column":31}},"2":{"start":{"line":6,"column":4},"end":{"line":6,"column":56}},"3":{"start":{"line":8,"column":0},"end":{"line":8,"column":42}},"4":{"start":{"line":10,"column":0},"end":{"line":10,"column":24}}},"fnMap":{},"branchMap":{},"s":{"0":1,"1":1,"2":1,"3":1,"4":1},"f":{},"b":{},"_coverageSchema":"1a1c01bbd47fc00a2c39e90264f33305004495a9","hash":"fb86fdc937e09589c64df1c7ff8914083b6e08f6"}
,"/Users/tunguyen/Downloads/2025pjs/COSC4353/assignment2/volunteer-app/backend/storage/dataStore.js": {"path":"/Users/tunguyen/Downloads/2025pjs/COSC4353/assignment2/volunteer-app/backend/storage/dataStore.js","statementMap":{"0":{"start":{"line":2,"column":18},"end":{"line":17,"column":1}},"1":{"start":{"line":19,"column":0},"end":{"line":19,"column":27}}},"fnMap":{},"branchMap":{},"s":{"0":1,"1":1},"f":{},"b":{},"_coverageSchema":"1a1c01bbd47fc00a2c39e90264f33305004495a9","hash":"8a40a7d7e440b27e6ececb38e4ed510e5da4bfbe"}
}
