TN:
SF:server.js
FN:25,(anonymous_0)
FN:31,(anonymous_1)
FNF:2
FNH:1
FNDA:1,(anonymous_0)
FNDA:0,(anonymous_1)
DA:1,5
DA:2,5
DA:4,5
DA:5,5
DA:6,5
DA:9,5
DA:10,5
DA:12,5
DA:13,5
DA:18,5
DA:19,5
DA:21,5
DA:22,5
DA:25,5
DA:26,1
DA:29,5
DA:30,5
DA:31,0
DA:32,0
DA:37,5
LF:20
LH:18
BRDA:30,0,0,0
BRDA:30,0,1,5
BRF:2
BRH:1
end_of_record
TN:
SF:controllers/authController.js
FN:4,registerUser
FN:11,(anonymous_1)
FN:20,loginUser
FN:23,(anonymous_3)
FNF:4
FNH:4
FNDA:4,registerUser
FNDA:5,(anonymous_1)
FNDA:2,loginUser
FNDA:6,(anonymous_3)
DA:1,5
DA:5,4
DA:7,4
DA:8,0
DA:11,5
DA:12,4
DA:13,1
DA:16,3
DA:17,3
DA:21,2
DA:23,6
DA:24,2
DA:25,1
DA:28,1
DA:31,5
LF:15
LH:14
BRDA:7,0,0,0
BRDA:7,0,1,4
BRDA:7,1,0,4
BRDA:7,1,1,4
BRDA:7,1,2,4
BRDA:12,2,0,1
BRDA:12,2,1,3
BRDA:23,3,0,6
BRDA:23,3,1,1
BRDA:24,4,0,1
BRDA:24,4,1,1
BRF:11
BRH:10
end_of_record
TN:
SF:controllers/notificationController.js
FN:4,sendNotification
FN:19,getNotifications
FN:28,(anonymous_2)
FN:33,sendAssignmentNotification
FN:37,sendUpdateNotification
FN:41,sendReminderNotification
FNF:6
FNH:6
FNDA:2,sendNotification
FNDA:2,getNotifications
FNDA:1,(anonymous_2)
FNDA:1,sendAssignmentNotification
FNDA:1,sendUpdateNotification
FNDA:1,sendReminderNotification
DA:1,5
DA:5,2
DA:7,2
DA:8,1
DA:14,1
DA:16,1
DA:20,2
DA:22,2
DA:23,1
DA:28,1
DA:30,1
DA:34,1
DA:38,1
DA:42,1
DA:45,5
LF:15
LH:15
BRDA:7,0,0,1
BRDA:7,0,1,1
BRDA:7,1,0,2
BRDA:7,1,1,1
BRDA:22,2,0,1
BRDA:22,2,1,1
BRF:6
BRH:6
end_of_record
TN:
SF:controllers/userProfileController.js
FN:3,validateUserProfile
FN:51,(anonymous_1)
FN:63,(anonymous_2)
FN:74,(anonymous_3)
FNF:4
FNH:4
FNDA:6,validateUserProfile
FNDA:54,(anonymous_1)
FNDA:2,(anonymous_2)
FNDA:6,(anonymous_3)
DA:1,5
DA:4,6
DA:16,6
DA:17,0
DA:20,6
DA:21,0
DA:24,6
DA:25,0
DA:28,6
DA:29,0
DA:32,6
DA:33,0
DA:34,6
DA:35,1
DA:38,6
DA:39,1
DA:42,6
DA:43,1
DA:46,6
DA:47,1
DA:51,6
DA:52,54
DA:53,50
DA:57,6
DA:63,5
DA:64,2
DA:65,2
DA:67,2
DA:68,1
DA:70,1
DA:74,5
DA:75,6
DA:76,6
DA:78,6
DA:80,6
DA:81,4
DA:84,2
DA:89,2
LF:38
LH:33
BRDA:16,0,0,0
BRDA:16,0,1,6
BRDA:20,1,0,0
BRDA:20,1,1,6
BRDA:24,2,0,0
BRDA:24,2,1,6
BRDA:28,3,0,0
BRDA:28,3,1,6
BRDA:32,4,0,0
BRDA:32,4,1,6
BRDA:34,5,0,1
BRDA:34,5,1,5
BRDA:38,6,0,1
BRDA:38,6,1,5
BRDA:38,7,0,6
BRDA:38,7,1,5
BRDA:42,8,0,1
BRDA:42,8,1,5
BRDA:42,9,0,6
BRDA:42,9,1,5
BRDA:46,10,0,1
BRDA:46,10,1,5
BRDA:46,11,0,6
BRDA:46,11,1,3
BRDA:52,12,0,50
BRDA:52,12,1,4
BRDA:67,13,0,1
BRDA:67,13,1,1
BRDA:80,14,0,4
BRDA:80,14,1,2
BRDA:85,15,0,2
BRDA:85,15,1,0
BRF:32
BRH:26
end_of_record
TN:
SF:controllers/volunteerHistoryController.js
FN:29,(anonymous_0)
FN:31,(anonymous_1)
FNF:2
FNH:2
FNDA:2,(anonymous_0)
FNDA:6,(anonymous_1)
DA:2,5
DA:29,5
DA:30,2
DA:31,6
DA:33,2
DA:34,1
DA:37,1
LF:7
LH:7
BRDA:33,0,0,1
BRDA:33,0,1,1
BRF:2
BRH:2
end_of_record
TN:
SF:routes/auth.js
FNF:0
FNH:0
DA:1,5
DA:2,5
DA:4,5
DA:7,5
DA:10,5
DA:12,5
LF:6
LH:6
BRF:0
BRH:0
end_of_record
TN:
SF:routes/notification.js
FNF:0
FNH:0
DA:1,5
DA:2,5
DA:10,5
DA:12,5
DA:14,5
DA:16,5
DA:18,5
DA:19,5
DA:21,5
LF:9
LH:9
BRF:0
BRH:0
end_of_record
TN:
SF:routes/userProfile.js
FNF:0
FNH:0
DA:1,5
DA:2,5
DA:7,5
DA:9,5
DA:10,5
DA:12,5
LF:6
LH:6
BRF:0
BRH:0
end_of_record
TN:
SF:routes/volunteerHistory.js
FNF:0
FNH:0
DA:1,5
DA:2,5
DA:4,5
DA:5,5
DA:7,5
LF:5
LH:5
BRF:0
BRH:0
end_of_record
TN:
SF:storage/dataStore.js
FNF:0
FNH:0
DA:2,5
DA:19,5
LF:2
LH:2
BRF:0
BRH:0
end_of_record
