TN:
SF:server.js
FN:13,(anonymous_0)
FNF:1
FNH:0
FNDA:0,(anonymous_0)
DA:1,1
DA:2,1
DA:3,1
DA:5,1
DA:6,1
DA:8,1
DA:9,1
DA:11,1
DA:12,1
DA:13,0
DA:14,0
DA:18,1
LF:12
LH:10
BRDA:12,0,0,0
BRDA:12,0,1,1
BRF:2
BRH:1
end_of_record
TN:
SF:controllers\eventController.js
FN:91,(anonymous_0)
FN:95,(anonymous_1)
FN:116,(anonymous_2)
FNF:3
FNH:3
FNDA:2,(anonymous_0)
FNDA:4,(anonymous_1)
FNDA:2,(anonymous_2)
DA:2,2
DA:32,2
DA:91,2
DA:92,2
DA:95,2
DA:96,4
DA:98,4
DA:99,2
DA:102,2
DA:112,2
DA:113,2
DA:116,2
DA:117,2
DA:120,2
LF:14
LH:14
BRDA:98,0,0,2
BRDA:98,0,1,2
BRDA:98,1,0,4
BRDA:98,1,1,4
BRDA:98,1,2,2
BRDA:98,1,3,2
BRDA:98,1,4,2
BRDA:98,1,5,2
BRF:8
BRH:8
end_of_record
TN:
SF:routes\eventRoute.js
FNF:0
FNH:0
DA:1,1
DA:2,1
DA:8,1
DA:10,1
DA:11,1
DA:12,1
DA:14,1
LF:7
LH:7
BRF:0
BRH:0
end_of_record
